Determining if the system is big endian passed with the following output:
Change Dir: /home/bbb/robot/opencv-3.0.0/build/CMakeFiles/CMakeTmp

Run Build Command:/usr/bin/make "cmTryCompileExec1464011386/fast"
/usr/bin/make -f CMakeFiles/cmTryCompileExec1464011386.dir/build.make CMakeFiles/cmTryCompileExec1464011386.dir/build
make[1]: Entering directory `/home/bbb/robot/opencv-3.0.0/build/CMakeFiles/CMakeTmp'
/usr/bin/cmake -E cmake_progress_report /home/bbb/robot/opencv-3.0.0/build/CMakeFiles/CMakeTmp/CMakeFiles 1
Building C object CMakeFiles/cmTryCompileExec1464011386.dir/TestEndianess.c.o
/usr/bin/cc   -fsigned-char -W -Wall -Werror=return-type -Werror=non-virtual-dtor -Werror=address -Werror=sequence-point -Wformat -Werror=format-security -Wmissing-declarations -Wmissing-prototypes -Wstrict-prototypes -Wundef -Winit-self -Wpointer-arith -Wshadow -Wno-narrowing -fdiagnostics-show-option -pthread -march=i686 -fomit-frame-pointer -msse -msse2 -mno-avx -msse3 -mno-ssse3 -mno-sse4.1 -mno-sse4.2 -mfpmath=sse -ffunction-sections -fvisibility=hidden  -O3 -DNDEBUG   -o CMakeFiles/cmTryCompileExec1464011386.dir/TestEndianess.c.o   -c /home/bbb/robot/opencv-3.0.0/build/CMakeFiles/CMakeTmp/TestEndianess.c
Linking C executable cmTryCompileExec1464011386
/usr/bin/cmake -E cmake_link_script CMakeFiles/cmTryCompileExec1464011386.dir/link.txt --verbose=1
/usr/bin/cc     -fsigned-char -W -Wall -Werror=return-type -Werror=non-virtual-dtor -Werror=address -Werror=sequence-point -Wformat -Werror=format-security -Wmissing-declarations -Wmissing-prototypes -Wstrict-prototypes -Wundef -Winit-self -Wpointer-arith -Wshadow -Wno-narrowing -fdiagnostics-show-option -pthread -march=i686 -fomit-frame-pointer -msse -msse2 -mno-avx -msse3 -mno-ssse3 -mno-sse4.1 -mno-sse4.2 -mfpmath=sse -ffunction-sections -fvisibility=hidden  -O3 -DNDEBUG    CMakeFiles/cmTryCompileExec1464011386.dir/TestEndianess.c.o  -o cmTryCompileExec1464011386 -rdynamic 
make[1]: Leaving directory `/home/bbb/robot/opencv-3.0.0/build/CMakeFiles/CMakeTmp'

TestEndianess.c:
/* A 16 bit integer is required. */
typedef unsigned short cmakeint16;

/* On a little endian machine, these 16bit ints will give "THIS IS LITTLE ENDIAN."
   On a big endian machine the characters will be exchanged pairwise. */
const cmakeint16 info_little[] =  {0x4854, 0x5349, 0x4920, 0x2053, 0x494c, 0x5454, 0x454c, 0x4520, 0x444e, 0x4149, 0x2e4e, 0x0000};

/* on a big endian machine, these 16bit ints will give "THIS IS BIG ENDIAN."
   On a little endian machine the characters will be exchanged pairwise. */
const cmakeint16 info_big[] =     {0x5448, 0x4953, 0x2049, 0x5320, 0x4249, 0x4720, 0x454e, 0x4449, 0x414e, 0x2e2e, 0x0000};

#ifdef __CLASSIC_C__
int main(argc, argv) int argc; char *argv[];
#else
int main(int argc, char *argv[])
#endif
{
  int require = 0;
  require += info_little[argc];
  require += info_big[argc];
  (void)argv;
  return require;
}


Determining if the include file io.h exists failed with the following output:
Change Dir: /home/bbb/robot/opencv-3.0.0/build/CMakeFiles/CMakeTmp

Run Build Command:/usr/bin/make "cmTryCompileExec1404528497/fast"
/usr/bin/make -f CMakeFiles/cmTryCompileExec1404528497.dir/build.make CMakeFiles/cmTryCompileExec1404528497.dir/build
make[1]: Entering directory `/home/bbb/robot/opencv-3.0.0/build/CMakeFiles/CMakeTmp'
/usr/bin/cmake -E cmake_progress_report /home/bbb/robot/opencv-3.0.0/build/CMakeFiles/CMakeTmp/CMakeFiles 1
Building C object CMakeFiles/cmTryCompileExec1404528497.dir/CheckIncludeFile.c.o
/usr/bin/cc   -fsigned-char -W -Wall -Werror=return-type -Werror=non-virtual-dtor -Werror=address -Werror=sequence-point -Wformat -Werror=format-security -Wmissing-declarations -Wmissing-prototypes -Wstrict-prototypes -Wundef -Winit-self -Wpointer-arith -Wshadow -Wno-narrowing -fdiagnostics-show-option -pthread -march=i686 -fomit-frame-pointer -msse -msse2 -mno-avx -msse3 -mno-ssse3 -mno-sse4.1 -mno-sse4.2 -mfpmath=sse -ffunction-sections -fvisibility=hidden  -O3 -DNDEBUG   -o CMakeFiles/cmTryCompileExec1404528497.dir/CheckIncludeFile.c.o   -c /home/bbb/robot/opencv-3.0.0/build/CMakeFiles/CMakeTmp/CheckIncludeFile.c
/home/bbb/robot/opencv-3.0.0/build/CMakeFiles/CMakeTmp/CheckIncludeFile.c:1:16: fatal error: io.h: No such file or directory
 #include <io.h>
                ^
compilation terminated.
make[1]: *** [CMakeFiles/cmTryCompileExec1404528497.dir/CheckIncludeFile.c.o] Error 1
make[1]: Leaving directory `/home/bbb/robot/opencv-3.0.0/build/CMakeFiles/CMakeTmp'
make: *** [cmTryCompileExec1404528497/fast] Error 2


Determining if the function jbg_newlen exists failed with the following output:
Change Dir: /home/bbb/robot/opencv-3.0.0/build/CMakeFiles/CMakeTmp

Run Build Command:/usr/bin/make "cmTryCompileExec203391423/fast"
/usr/bin/make -f CMakeFiles/cmTryCompileExec203391423.dir/build.make CMakeFiles/cmTryCompileExec203391423.dir/build
make[1]: Entering directory `/home/bbb/robot/opencv-3.0.0/build/CMakeFiles/CMakeTmp'
/usr/bin/cmake -E cmake_progress_report /home/bbb/robot/opencv-3.0.0/build/CMakeFiles/CMakeTmp/CMakeFiles 1
Building C object CMakeFiles/cmTryCompileExec203391423.dir/CheckFunctionExists.c.o
/usr/bin/cc   -fsigned-char -W -Wall -Werror=return-type -Werror=non-virtual-dtor -Werror=address -Werror=sequence-point -Wformat -Werror=format-security -Wmissing-declarations -Wmissing-prototypes -Wstrict-prototypes -Wundef -Winit-self -Wpointer-arith -Wshadow -Wno-narrowing -fdiagnostics-show-option -pthread -march=i686 -fomit-frame-pointer -msse -msse2 -mno-avx -msse3 -mno-ssse3 -mno-sse4.1 -mno-sse4.2 -mfpmath=sse -ffunction-sections -fvisibility=hidden -DCHECK_FUNCTION_EXISTS=jbg_newlen -O3 -DNDEBUG   -o CMakeFiles/cmTryCompileExec203391423.dir/CheckFunctionExists.c.o   -c /usr/share/cmake-2.8/Modules/CheckFunctionExists.c
/usr/share/cmake-2.8/Modules/CheckFunctionExists.c:3:1: warning: function declaration isnâ€™t a prototype [-Wstrict-prototypes]
 char CHECK_FUNCTION_EXISTS();
 ^
Linking C executable cmTryCompileExec203391423
/usr/bin/cmake -E cmake_link_script CMakeFiles/cmTryCompileExec203391423.dir/link.txt --verbose=1
/usr/bin/cc     -fsigned-char -W -Wall -Werror=return-type -Werror=non-virtual-dtor -Werror=address -Werror=sequence-point -Wformat -Werror=format-security -Wmissing-declarations -Wmissing-prototypes -Wstrict-prototypes -Wundef -Winit-self -Wpointer-arith -Wshadow -Wno-narrowing -fdiagnostics-show-option -pthread -march=i686 -fomit-frame-pointer -msse -msse2 -mno-avx -msse3 -mno-ssse3 -mno-sse4.1 -mno-sse4.2 -mfpmath=sse -ffunction-sections -fvisibility=hidden -DCHECK_FUNCTION_EXISTS=jbg_newlen -O3 -DNDEBUG    CMakeFiles/cmTryCompileExec203391423.dir/CheckFunctionExists.c.o  -o cmTryCompileExec203391423 -rdynamic 
CMakeFiles/cmTryCompileExec203391423.dir/CheckFunctionExists.c.o: In function `main':
CheckFunctionExists.c:(.text.startup.main+0x7): undefined reference to `jbg_newlen'
collect2: error: ld returned 1 exit status
make[1]: Leaving directory `/home/bbb/robot/opencv-3.0.0/build/CMakeFiles/CMakeTmp'
make[1]: *** [cmTryCompileExec203391423] Error 1
make: *** [cmTryCompileExec203391423/fast] Error 2


Determining if the include file linux/videodev.h exists failed with the following output:
Change Dir: /home/bbb/robot/opencv-3.0.0/build/CMakeFiles/CMakeTmp

Run Build Command:/usr/bin/make "cmTryCompileExec1804723797/fast"
/usr/bin/make -f CMakeFiles/cmTryCompileExec1804723797.dir/build.make CMakeFiles/cmTryCompileExec1804723797.dir/build
make[1]: Entering directory `/home/bbb/robot/opencv-3.0.0/build/CMakeFiles/CMakeTmp'
/usr/bin/cmake -E cmake_progress_report /home/bbb/robot/opencv-3.0.0/build/CMakeFiles/CMakeTmp/CMakeFiles 1
Building C object CMakeFiles/cmTryCompileExec1804723797.dir/CheckIncludeFile.c.o
/usr/bin/cc   -fsigned-char -W -Wall -Werror=return-type -Werror=non-virtual-dtor -Werror=address -Werror=sequence-point -Wformat -Werror=format-security -Wmissing-declarations -Wmissing-prototypes -Wstrict-prototypes -Wundef -Winit-self -Wpointer-arith -Wshadow -Wno-narrowing -fdiagnostics-show-option -pthread -march=i686 -fomit-frame-pointer -msse -msse2 -mno-avx -msse3 -mno-ssse3 -mno-sse4.1 -mno-sse4.2 -mfpmath=sse -ffunction-sections -fvisibility=hidden  -O3 -DNDEBUG   -o CMakeFiles/cmTryCompileExec1804723797.dir/CheckIncludeFile.c.o   -c /home/bbb/robot/opencv-3.0.0/build/CMakeFiles/CMakeTmp/CheckIncludeFile.c
/home/bbb/robot/opencv-3.0.0/build/CMakeFiles/CMakeTmp/CheckIncludeFile.c:1:28: fatal error: linux/videodev.h: No such file or directory
 #include <linux/videodev.h>
                            ^
compilation terminated.
make[1]: *** [CMakeFiles/cmTryCompileExec1804723797.dir/CheckIncludeFile.c.o] Error 1
make[1]: Leaving directory `/home/bbb/robot/opencv-3.0.0/build/CMakeFiles/CMakeTmp'
make: *** [cmTryCompileExec1804723797/fast] Error 2


Determining if the include file sys/videoio.h exists failed with the following output:
Change Dir: /home/bbb/robot/opencv-3.0.0/build/CMakeFiles/CMakeTmp

Run Build Command:/usr/bin/make "cmTryCompileExec4114734007/fast"
/usr/bin/make -f CMakeFiles/cmTryCompileExec4114734007.dir/build.make CMakeFiles/cmTryCompileExec4114734007.dir/build
make[1]: Entering directory `/home/bbb/robot/opencv-3.0.0/build/CMakeFiles/CMakeTmp'
/usr/bin/cmake -E cmake_progress_report /home/bbb/robot/opencv-3.0.0/build/CMakeFiles/CMakeTmp/CMakeFiles 1
Building C object CMakeFiles/cmTryCompileExec4114734007.dir/CheckIncludeFile.c.o
/usr/bin/cc   -fsigned-char -W -Wall -Werror=return-type -Werror=non-virtual-dtor -Werror=address -Werror=sequence-point -Wformat -Werror=format-security -Wmissing-declarations -Wmissing-prototypes -Wstrict-prototypes -Wundef -Winit-self -Wpointer-arith -Wshadow -Wno-narrowing -fdiagnostics-show-option -pthread -march=i686 -fomit-frame-pointer -msse -msse2 -mno-avx -msse3 -mno-ssse3 -mno-sse4.1 -mno-sse4.2 -mfpmath=sse -ffunction-sections -fvisibility=hidden  -O3 -DNDEBUG   -o CMakeFiles/cmTryCompileExec4114734007.dir/CheckIncludeFile.c.o   -c /home/bbb/robot/opencv-3.0.0/build/CMakeFiles/CMakeTmp/CheckIncludeFile.c
/home/bbb/robot/opencv-3.0.0/build/CMakeFiles/CMakeTmp/CheckIncludeFile.c:1:25: fatal error: sys/videoio.h: No such file or directory
 #include <sys/videoio.h>
                         ^
compilation terminated.
make[1]: *** [CMakeFiles/cmTryCompileExec4114734007.dir/CheckIncludeFile.c.o] Error 1
make[1]: Leaving directory `/home/bbb/robot/opencv-3.0.0/build/CMakeFiles/CMakeTmp'
make: *** [cmTryCompileExec4114734007/fast] Error 2


Determining if the include file libavformat/avformat.h exists failed with the following output:
Change Dir: /home/bbb/robot/opencv-3.0.0/build/CMakeFiles/CMakeTmp

Run Build Command:/usr/bin/make "cmTryCompileExec437095976/fast"
/usr/bin/make -f CMakeFiles/cmTryCompileExec437095976.dir/build.make CMakeFiles/cmTryCompileExec437095976.dir/build
make[1]: Entering directory `/home/bbb/robot/opencv-3.0.0/build/CMakeFiles/CMakeTmp'
/usr/bin/cmake -E cmake_progress_report /home/bbb/robot/opencv-3.0.0/build/CMakeFiles/CMakeTmp/CMakeFiles 1
Building C object CMakeFiles/cmTryCompileExec437095976.dir/CheckIncludeFile.c.o
/usr/bin/cc   -fsigned-char -W -Wall -Werror=return-type -Werror=non-virtual-dtor -Werror=address -Werror=sequence-point -Wformat -Werror=format-security -Wmissing-declarations -Wmissing-prototypes -Wstrict-prototypes -Wundef -Winit-self -Wpointer-arith -Wshadow -Wno-narrowing -fdiagnostics-show-option -pthread -march=i686 -fomit-frame-pointer -msse -msse2 -mno-avx -msse3 -mno-ssse3 -mno-sse4.1 -mno-sse4.2 -mfpmath=sse -ffunction-sections -fvisibility=hidden  -O3 -DNDEBUG   -o CMakeFiles/cmTryCompileExec437095976.dir/CheckIncludeFile.c.o   -c /home/bbb/robot/opencv-3.0.0/build/CMakeFiles/CMakeTmp/CheckIncludeFile.c
/home/bbb/robot/opencv-3.0.0/build/CMakeFiles/CMakeTmp/CheckIncludeFile.c:1:34: fatal error: libavformat/avformat.h: No such file or directory
 #include <libavformat/avformat.h>
                                  ^
compilation terminated.
make[1]: *** [CMakeFiles/cmTryCompileExec437095976.dir/CheckIncludeFile.c.o] Error 1
make[1]: Leaving directory `/home/bbb/robot/opencv-3.0.0/build/CMakeFiles/CMakeTmp'
make: *** [cmTryCompileExec437095976/fast] Error 2


Determining if the include file ffmpeg/avformat.h exists failed with the following output:
Change Dir: /home/bbb/robot/opencv-3.0.0/build/CMakeFiles/CMakeTmp

Run Build Command:/usr/bin/make "cmTryCompileExec863825226/fast"
/usr/bin/make -f CMakeFiles/cmTryCompileExec863825226.dir/build.make CMakeFiles/cmTryCompileExec863825226.dir/build
make[1]: Entering directory `/home/bbb/robot/opencv-3.0.0/build/CMakeFiles/CMakeTmp'
/usr/bin/cmake -E cmake_progress_report /home/bbb/robot/opencv-3.0.0/build/CMakeFiles/CMakeTmp/CMakeFiles 1
Building C object CMakeFiles/cmTryCompileExec863825226.dir/CheckIncludeFile.c.o
/usr/bin/cc   -fsigned-char -W -Wall -Werror=return-type -Werror=non-virtual-dtor -Werror=address -Werror=sequence-point -Wformat -Werror=format-security -Wmissing-declarations -Wmissing-prototypes -Wstrict-prototypes -Wundef -Winit-self -Wpointer-arith -Wshadow -Wno-narrowing -fdiagnostics-show-option -pthread -march=i686 -fomit-frame-pointer -msse -msse2 -mno-avx -msse3 -mno-ssse3 -mno-sse4.1 -mno-sse4.2 -mfpmath=sse -ffunction-sections -fvisibility=hidden  -O3 -DNDEBUG   -o CMakeFiles/cmTryCompileExec863825226.dir/CheckIncludeFile.c.o   -c /home/bbb/robot/opencv-3.0.0/build/CMakeFiles/CMakeTmp/CheckIncludeFile.c
/home/bbb/robot/opencv-3.0.0/build/CMakeFiles/CMakeTmp/CheckIncludeFile.c:1:29: fatal error: ffmpeg/avformat.h: No such file or directory
 #include <ffmpeg/avformat.h>
                             ^
compilation terminated.
make[1]: *** [CMakeFiles/cmTryCompileExec863825226.dir/CheckIncludeFile.c.o] Error 1
make[1]: Leaving directory `/home/bbb/robot/opencv-3.0.0/build/CMakeFiles/CMakeTmp'
make: *** [cmTryCompileExec863825226/fast] Error 2


